// 同步 ID: dac0bf21 @ Mon May 18 13:52:58 UTC 2026
// 同步 ID: de6c0e69 @ Tue May 19 12:24:59 UTC 2026
// 重构日志: 069abe8f
// 重构日志: 48e786ad
// 重构日志: 5b3cd851
// 重构日志: db43e0d1
// 重构日志: 7715f389
// 重构日志: ea0cfa5a
// 重构日志: 4802bd64
// 重构日志: b151c941
// 重构日志: d22b4df6
// 重构日志: 64e825a3
// 重构日志: ead879fa
// 重构日志: d7983519
// 重构日志: c20b15f1
// 重构日志: 1163daa6
// 同步 ID: 7cbf7a90 @ Thu Jun  4 00:41:28 UTC 2026
// 重构日志: 5d8712d0
// 重构日志: 06904440
// 重构日志: 8c292d0c
// 重构日志: 2e002242
// 重构日志: e99f355d
// 重构日志: b0069272
// 重构日志: ad0d851d
// 重构日志: 16a92a6e
// 重构日志: 2da64ffc
// 同步 ID: 43442673 @ Thu Jun 11 10:05:41 UTC 2026
// 重构日志: 5da38a99
// 重构日志: c50fb331
// 同步 ID: dadec5dd @ Sat Jun 13 07:04:10 UTC 2026
